# JRE version: OpenJDK Runtime Environment Temurin-21.0.7+6 (21.0.7+6) (build 21.0.7+6-LTS)
# Java VM: OpenJDK 64-Bit Server VM Temurin-21.0.7+6 (21.0.7+6-LTS, mixed mode, emulated-client, sharing, tiered, compressed oops, compressed class ptrs, g1 gc, windows-amd64)
GC Precious Log:
 CardTable entry size: 512
 Card Set container configuration: InlinePtr #cards 5 size 8 Array Of Cards #cards 12 size 40 Howl #buckets 4 coarsen threshold 1843 Howl Bitmap #cards 512 size 80 coarsen threshold 460 Card regions per heap region 1 cards per card region 2048
 CPUs: 12 total, 12 available
 Memory: 16068M
 Large Page Support: Disabled
 NUMA Support: Disabled
 Compressed Oops: Enabled (32-bit)
 Heap Region Size: 1M
 Heap Min Capacity: 8M
 Heap Initial Capacity: 252M
 Heap Max Capacity: 1G
 Pre-touch: Disabled
 Parallel Workers: 10
 Concurrent Workers: 3
 Concurrent Refinement Workers: 10
 Periodic GC: Disabled
Heap:
 garbage-first heap   total 108544K, used 41141K [0x00000000c0000000, 0x0000000100000000)
  region size 1024K, 1 young (1024K), 0 survivors (0K)
 Metaspace       used 56735K, committed 58048K, reserved 1114112K
  class space    used 7061K, committed 7552K, reserved 1048576K
GC Heap History (20 events):
Event: 8.238 GC heap after
{Heap after GC invocations=13 (full 0):
 garbage-first heap   total 108544K, used 53784K [0x00000000c0000000, 0x0000000100000000)
  region size 1024K, 3 young (3072K), 3 survivors (3072K)
 Metaspace       used 55712K, committed 56640K, reserved 1114112K
  class space    used 6962K, committed 7360K, reserved 1048576K
}
Event: 44.396 GC heap before
{Heap before GC invocations=14 (full 0):
 garbage-first heap   total 108544K, used 78360K [0x00000000c0000000, 0x0000000100000000)
  region size 1024K, 27 young (27648K), 3 survivors (3072K)
 Metaspace       used 57211K, committed 58048K, reserved 1114112K
  class space    used 7187K, committed 7552K, reserved 1048576K
}
Event: 44.469 GC heap after
{Heap after GC invocations=15 (full 1):
 garbage-first heap   total 108544K, used 46557K [0x00000000c0000000, 0x0000000100000000)
  region size 1024K, 0 young (0K), 0 survivors (0K)
 Metaspace       used 57187K, committed 58048K, reserved 1114112K
  class space    used 7181K, committed 7552K, reserved 1048576K
}
Event: 54.765 GC heap before
{Heap before GC invocations=15 (full 1):
 garbage-first heap   total 108544K, used 46557K [0x00000000c0000000, 0x0000000100000000)
  region size 1024K, 1 young (1024K), 0 survivors (0K)
 Metaspace       used 57187K, committed 58048K, reserved 1114112K
  class space    used 7181K, committed 7552K, reserved 1048576K
}
Event: 54.823 GC heap after
{Heap after GC invocations=16 (full 2):
 garbage-first heap   total 108544K, used 46538K [0x00000000c0000000, 0x0000000100000000)
  region size 1024K, 0 young (0K), 0 survivors (0K)
 Metaspace       used 57187K, committed 58048K, reserved 1114112K
  class space    used 7181K, committed 7552K, reserved 1048576K
}
Event: 65.130 GC heap before
{Heap before GC invocations=16 (full 2):
 garbage-first heap   total 108544K, used 46538K [0x00000000c0000000, 0x0000000100000000)
  region size 1024K, 1 young (1024K), 0 survivors (0K)
 Metaspace       used 57187K, committed 58048K, reserved 1114112K
  class space    used 7181K, committed 7552K, reserved 1048576K
}
Event: 65.224 GC heap after
{Heap after GC invocations=17 (full 3):
 garbage-first heap   total 108544K, used 46538K [0x00000000c0000000, 0x0000000100000000)
  region size 1024K, 0 young (0K), 0 survivors (0K)
 Metaspace       used 57187K, committed 58048K, reserved 1114112K
  class space    used 7181K, committed 7552K, reserved 1048576K
}
Event: 75.581 GC heap before
{Heap before GC invocations=17 (full 3):
 garbage-first heap   total 108544K, used 46538K [0x00000000c0000000, 0x0000000100000000)
  region size 1024K, 1 young (1024K), 0 survivors (0K)
 Metaspace       used 57187K, committed 58048K, reserved 1114112K
  class space    used 7181K, committed 7552K, reserved 1048576K
}
Event: 75.699 GC heap after
{Heap after GC invocations=18 (full 4):
 garbage-first heap   total 108544K, used 43783K [0x00000000c0000000, 0x0000000100000000)
  region size 1024K, 0 young (0K), 0 survivors (0K)
 Metaspace       used 56916K, committed 58048K, reserved 1114112K
  class space    used 7109K, committed 7552K, reserved 1048576K
}
Event: 86.033 GC heap before
{Heap before GC invocations=18 (full 4):
 garbage-first heap   total 108544K, used 43783K [0x00000000c0000000, 0x0000000100000000)
  region size 1024K, 1 young (1024K), 0 survivors (0K)
 Metaspace       used 56916K, committed 58048K, reserved 1114112K
  class space    used 7109K, committed 7552K, reserved 1048576K
}
Event: 86.115 GC heap after
{Heap after GC invocations=19 (full 5):
 garbage-first heap   total 108544K, used 41141K [0x00000000c0000000, 0x0000000100000000)
  region size 1024K, 0 young (0K), 0 survivors (0K)
 Metaspace       used 56735K, committed 58048K, reserved 1114112K
  class space    used 7061K, committed 7552K, reserved 1048576K
}
Event: 96.425 GC heap before
{Heap before GC invocations=19 (full 5):
 garbage-first heap   total 108544K, used 41141K [0x00000000c0000000, 0x0000000100000000)
  region size 1024K, 1 young (1024K), 0 survivors (0K)
 Metaspace       used 56735K, committed 58048K, reserved 1114112K
  class space    used 7061K, committed 7552K, reserved 1048576K
}
Event: 96.496 GC heap after
{Heap after GC invocations=20 (full 6):
 garbage-first heap   total 108544K, used 41141K [0x00000000c0000000, 0x0000000100000000)
  region size 1024K, 0 young (0K), 0 survivors (0K)
 Metaspace       used 56735K, committed 58048K, reserved 1114112K
  class space    used 7061K, committed 7552K, reserved 1048576K
}
Event: 106.886 GC heap before
{Heap before GC invocations=20 (full 6):
 garbage-first heap   total 108544K, used 41141K [0x00000000c0000000, 0x0000000100000000)
  region size 1024K, 1 young (1024K), 0 survivors (0K)
 Metaspace       used 56735K, committed 58048K, reserved 1114112K
  class space    used 7061K, committed 7552K, reserved 1048576K
}
Event: 106.966 GC heap after
{Heap after GC invocations=21 (full 7):
 garbage-first heap   total 108544K, used 41141K [0x00000000c0000000, 0x0000000100000000)
  region size 1024K, 0 young (0K), 0 survivors (0K)
 Metaspace       used 56735K, committed 58048K, reserved 1114112K
  class space    used 7061K, committed 7552K, reserved 1048576K
}
Event: 117.318 GC heap before
{Heap before GC invocations=21 (full 7):
 garbage-first heap   total 108544K, used 41141K [0x00000000c0000000, 0x0000000100000000)
  region size 1024K, 1 young (1024K), 0 survivors (0K)
 Metaspace       used 56735K, committed 58048K, reserved 1114112K
  class space    used 7061K, committed 7552K, reserved 1048576K
}
Event: 117.361 GC heap after
{Heap after GC invocations=22 (full 8):
 garbage-first heap   total 108544K, used 41141K [0x00000000c0000000, 0x0000000100000000)
  region size 1024K, 0 young (0K), 0 survivors (0K)
 Metaspace       used 56735K, committed 58048K, reserved 1114112K
  class space    used 7061K, committed 7552K, reserved 1048576K
}
Event: 128.412 GC heap before
{Heap before GC invocations=22 (full 8):
 garbage-first heap   total 108544K, used 41141K [0x00000000c0000000, 0x0000000100000000)
  region size 1024K, 1 young (1024K), 0 survivors (0K)
 Metaspace       used 56735K, committed 58048K, reserved 1114112K
  class space    used 7061K, committed 7552K, reserved 1048576K
}
Event: 128.622 GC heap after
{Heap after GC invocations=23 (full 9):
 garbage-first heap   total 108544K, used 41141K [0x00000000c0000000, 0x0000000100000000)
  region size 1024K, 0 young (0K), 0 survivors (0K)
 Metaspace       used 56735K, committed 58048K, reserved 1114112K
  class space    used 7061K, committed 7552K, reserved 1048576K
}
Event: 138.952 GC heap before
{Heap before GC invocations=23 (full 9):
 garbage-first heap   total 108544K, used 41141K [0x00000000c0000000, 0x0000000100000000)
  region size 1024K, 1 young (1024K), 0 survivors (0K)
 Metaspace       used 56735K, committed 58048K, reserved 1114112K
  class space    used 7061K, committed 7552K, reserved 1048576K
}

