# JRE version: OpenJDK Runtime Environment Temurin-21.0.7+6 (21.0.7+6) (build 21.0.7+6-LTS)
# Java VM: OpenJDK 64-Bit Server VM Temurin-21.0.7+6 (21.0.7+6-LTS, mixed mode, emulated-client, sharing, tiered, compressed oops, compressed class ptrs, g1 gc, windows-amd64)
GC Precious Log:
 CardTable entry size: 512
 Card Set container configuration: InlinePtr #cards 5 size 8 Array Of Cards #cards 12 size 40 Howl #buckets 4 coarsen threshold 1843 Howl Bitmap #cards 512 size 80 coarsen threshold 460 Card regions per heap region 1 cards per card region 2048
 CPUs: 12 total, 12 available
 Memory: 16068M
 Large Page Support: Disabled
 NUMA Support: Disabled
 Compressed Oops: Enabled (32-bit)
 Heap Region Size: 1M
 Heap Min Capacity: 8M
 Heap Initial Capacity: 252M
 Heap Max Capacity: 1G
 Pre-touch: Disabled
 Parallel Workers: 10
 Concurrent Workers: 3
 Concurrent Refinement Workers: 10
 Periodic GC: Disabled
Heap:
 garbage-first heap   total 83968K, used 37916K [0x00000000c0000000, 0x0000000100000000)
  region size 1024K, 1 young (1024K), 0 survivors (0K)
 Metaspace       used 57388K, committed 58112K, reserved 1114112K
  class space    used 7124K, committed 7424K, reserved 1048576K
GC Heap History (20 events):
Event: 3688.476 GC heap after
{Heap after GC invocations=268 (full 227):
 garbage-first heap   total 83968K, used 37916K [0x00000000c0000000, 0x0000000100000000)
  region size 1024K, 0 young (0K), 0 survivors (0K)
 Metaspace       used 57388K, committed 58112K, reserved 1114112K
  class space    used 7124K, committed 7424K, reserved 1048576K
}
Event: 3698.728 GC heap before
{Heap before GC invocations=268 (full 227):
 garbage-first heap   total 83968K, used 37916K [0x00000000c0000000, 0x0000000100000000)
  region size 1024K, 1 young (1024K), 0 survivors (0K)
 Metaspace       used 57388K, committed 58112K, reserved 1114112K
  class space    used 7124K, committed 7424K, reserved 1048576K
}
Event: 3698.804 GC heap after
{Heap after GC invocations=269 (full 228):
 garbage-first heap   total 83968K, used 37916K [0x00000000c0000000, 0x0000000100000000)
  region size 1024K, 0 young (0K), 0 survivors (0K)
 Metaspace       used 57388K, committed 58112K, reserved 1114112K
  class space    used 7124K, committed 7424K, reserved 1048576K
}
Event: 3709.119 GC heap before
{Heap before GC invocations=269 (full 228):
 garbage-first heap   total 83968K, used 37916K [0x00000000c0000000, 0x0000000100000000)
  region size 1024K, 1 young (1024K), 0 survivors (0K)
 Metaspace       used 57388K, committed 58112K, reserved 1114112K
  class space    used 7124K, committed 7424K, reserved 1048576K
}
Event: 3709.202 GC heap after
{Heap after GC invocations=270 (full 229):
 garbage-first heap   total 83968K, used 37916K [0x00000000c0000000, 0x0000000100000000)
  region size 1024K, 0 young (0K), 0 survivors (0K)
 Metaspace       used 57388K, committed 58112K, reserved 1114112K
  class space    used 7124K, committed 7424K, reserved 1048576K
}
Event: 3719.603 GC heap before
{Heap before GC invocations=270 (full 229):
 garbage-first heap   total 83968K, used 37916K [0x00000000c0000000, 0x0000000100000000)
  region size 1024K, 1 young (1024K), 0 survivors (0K)
 Metaspace       used 57388K, committed 58112K, reserved 1114112K
  class space    used 7124K, committed 7424K, reserved 1048576K
}
Event: 3719.686 GC heap after
{Heap after GC invocations=271 (full 230):
 garbage-first heap   total 83968K, used 37916K [0x00000000c0000000, 0x0000000100000000)
  region size 1024K, 0 young (0K), 0 survivors (0K)
 Metaspace       used 57388K, committed 58112K, reserved 1114112K
  class space    used 7124K, committed 7424K, reserved 1048576K
}
Event: 3730.020 GC heap before
{Heap before GC invocations=271 (full 230):
 garbage-first heap   total 83968K, used 37916K [0x00000000c0000000, 0x0000000100000000)
  region size 1024K, 1 young (1024K), 0 survivors (0K)
 Metaspace       used 57388K, committed 58112K, reserved 1114112K
  class space    used 7124K, committed 7424K, reserved 1048576K
}
Event: 3730.109 GC heap after
{Heap after GC invocations=272 (full 231):
 garbage-first heap   total 83968K, used 37916K [0x00000000c0000000, 0x0000000100000000)
  region size 1024K, 0 young (0K), 0 survivors (0K)
 Metaspace       used 57388K, committed 58112K, reserved 1114112K
  class space    used 7124K, committed 7424K, reserved 1048576K
}
Event: 3740.390 GC heap before
{Heap before GC invocations=272 (full 231):
 garbage-first heap   total 83968K, used 37916K [0x00000000c0000000, 0x0000000100000000)
  region size 1024K, 1 young (1024K), 0 survivors (0K)
 Metaspace       used 57388K, committed 58112K, reserved 1114112K
  class space    used 7124K, committed 7424K, reserved 1048576K
}
Event: 3740.471 GC heap after
{Heap after GC invocations=273 (full 232):
 garbage-first heap   total 83968K, used 37916K [0x00000000c0000000, 0x0000000100000000)
  region size 1024K, 0 young (0K), 0 survivors (0K)
 Metaspace       used 57388K, committed 58112K, reserved 1114112K
  class space    used 7124K, committed 7424K, reserved 1048576K
}
Event: 3750.748 GC heap before
{Heap before GC invocations=273 (full 232):
 garbage-first heap   total 83968K, used 37916K [0x00000000c0000000, 0x0000000100000000)
  region size 1024K, 1 young (1024K), 0 survivors (0K)
 Metaspace       used 57388K, committed 58112K, reserved 1114112K
  class space    used 7124K, committed 7424K, reserved 1048576K
}
Event: 3750.867 GC heap after
{Heap after GC invocations=274 (full 233):
 garbage-first heap   total 83968K, used 37916K [0x00000000c0000000, 0x0000000100000000)
  region size 1024K, 0 young (0K), 0 survivors (0K)
 Metaspace       used 57388K, committed 58112K, reserved 1114112K
  class space    used 7124K, committed 7424K, reserved 1048576K
}
Event: 3761.150 GC heap before
{Heap before GC invocations=274 (full 233):
 garbage-first heap   total 83968K, used 37916K [0x00000000c0000000, 0x0000000100000000)
  region size 1024K, 1 young (1024K), 0 survivors (0K)
 Metaspace       used 57388K, committed 58112K, reserved 1114112K
  class space    used 7124K, committed 7424K, reserved 1048576K
}
Event: 3761.246 GC heap after
{Heap after GC invocations=275 (full 234):
 garbage-first heap   total 83968K, used 37916K [0x00000000c0000000, 0x0000000100000000)
  region size 1024K, 0 young (0K), 0 survivors (0K)
 Metaspace       used 57388K, committed 58112K, reserved 1114112K
  class space    used 7124K, committed 7424K, reserved 1048576K
}
Event: 3771.511 GC heap before
{Heap before GC invocations=275 (full 234):
 garbage-first heap   total 83968K, used 37916K [0x00000000c0000000, 0x0000000100000000)
  region size 1024K, 1 young (1024K), 0 survivors (0K)
 Metaspace       used 57388K, committed 58112K, reserved 1114112K
  class space    used 7124K, committed 7424K, reserved 1048576K
}
Event: 3771.608 GC heap after
{Heap after GC invocations=276 (full 235):
 garbage-first heap   total 83968K, used 37916K [0x00000000c0000000, 0x0000000100000000)
  region size 1024K, 0 young (0K), 0 survivors (0K)
 Metaspace       used 57388K, committed 58112K, reserved 1114112K
  class space    used 7124K, committed 7424K, reserved 1048576K
}
Event: 3781.904 GC heap before
{Heap before GC invocations=276 (full 235):
 garbage-first heap   total 83968K, used 37916K [0x00000000c0000000, 0x0000000100000000)
  region size 1024K, 1 young (1024K), 0 survivors (0K)
 Metaspace       used 57388K, committed 58112K, reserved 1114112K
  class space    used 7124K, committed 7424K, reserved 1048576K
}
Event: 3782.002 GC heap after
{Heap after GC invocations=277 (full 236):
 garbage-first heap   total 83968K, used 37916K [0x00000000c0000000, 0x0000000100000000)
  region size 1024K, 0 young (0K), 0 survivors (0K)
 Metaspace       used 57388K, committed 58112K, reserved 1114112K
  class space    used 7124K, committed 7424K, reserved 1048576K
}
Event: 3792.125 GC heap before
{Heap before GC invocations=277 (full 236):
 garbage-first heap   total 83968K, used 37916K [0x00000000c0000000, 0x0000000100000000)
  region size 1024K, 1 young (1024K), 0 survivors (0K)
 Metaspace       used 57388K, committed 58112K, reserved 1114112K
  class space    used 7124K, committed 7424K, reserved 1048576K
}

